[ 2015-09-16T22:17:00+08:00 ] ::1 /ydlm/
INFO: [ app_init ] --START--
INFO: Run Behavior\BuildLiteBehavior [ RunTime:0.000000s ]
INFO: [ app_init ] --END-- [ RunTime:0.001000s ]
INFO: [ app_begin ] --START--
INFO: Run Behavior\ReadHtmlCacheBehavior [ RunTime:0.001000s ]
INFO: [ app_begin ] --END-- [ RunTime:0.001000s ]
ERR: 模板不存在:./Application/Home/View/Index/index.html

[ 2015-09-16T22:37:34+08:00 ] ::1 /ydlm/
INFO: [ app_init ] --START--
INFO: Run Behavior\BuildLiteBehavior [ RunTime:0.000000s ]
INFO: [ app_init ] --END-- [ RunTime:0.327601s ]
INFO: [ app_begin ] --START--
INFO: Run Behavior\ReadHtmlCacheBehavior [ RunTime:0.031200s ]
INFO: [ app_begin ] --END-- [ RunTime:0.031200s ]
ERR: 模板不存在:./Application/Home/View/Index/index.html

[ 2015-09-16T22:48:26+08:00 ] ::1 /ydlm/index.php
INFO: [ app_init ] --START--
INFO: Run Behavior\BuildLiteBehavior [ RunTime:0.001000s ]
INFO: [ app_init ] --END-- [ RunTime:0.001000s ]
INFO: [ app_begin ] --START--
INFO: Run Behavior\ReadHtmlCacheBehavior [ RunTime:0.001000s ]
INFO: [ app_begin ] --END-- [ RunTime:0.001000s ]
INFO: [ view_parse ] --START--
INFO: [ template_filter ] --START--
INFO: Run Behavior\ContentReplaceBehavior [ RunTime:0.000000s ]
INFO: [ template_filter ] --END-- [ RunTime:0.001000s ]
NOTIC: [8] Undefined variable: file D:\wamp\www\ydlm\Application\Runtime\Cache\Home\2a94b8bda04ff446dcedd42276fc99ee.php 第 223 行.
NOTIC: [8] Undefined variable: file D:\wamp\www\ydlm\Application\Runtime\Cache\Home\2a94b8bda04ff446dcedd42276fc99ee.php 第 225 行.
NOTIC: [8] Undefined variable: file D:\wamp\www\ydlm\Application\Runtime\Cache\Home\2a94b8bda04ff446dcedd42276fc99ee.php 第 225 行.
NOTIC: [8] Undefined variable: file D:\wamp\www\ydlm\Application\Runtime\Cache\Home\2a94b8bda04ff446dcedd42276fc99ee.php 第 226 行.
NOTIC: [8] Undefined variable: file D:\wamp\www\ydlm\Application\Runtime\Cache\Home\2a94b8bda04ff446dcedd42276fc99ee.php 第 233 行.
NOTIC: [8] Undefined variable: file D:\wamp\www\ydlm\Application\Runtime\Cache\Home\2a94b8bda04ff446dcedd42276fc99ee.php 第 235 行.
NOTIC: [8] Undefined variable: file D:\wamp\www\ydlm\Application\Runtime\Cache\Home\2a94b8bda04ff446dcedd42276fc99ee.php 第 235 行.
NOTIC: [8] Undefined variable: file D:\wamp\www\ydlm\Application\Runtime\Cache\Home\2a94b8bda04ff446dcedd42276fc99ee.php 第 236 行.
NOTIC: [8] Undefined variable: file D:\wamp\www\ydlm\Application\Runtime\Cache\Home\2a94b8bda04ff446dcedd42276fc99ee.php 第 243 行.
NOTIC: [8] Undefined variable: file D:\wamp\www\ydlm\Application\Runtime\Cache\Home\2a94b8bda04ff446dcedd42276fc99ee.php 第 245 行.
NOTIC: [8] Undefined variable: file D:\wamp\www\ydlm\Application\Runtime\Cache\Home\2a94b8bda04ff446dcedd42276fc99ee.php 第 245 行.
NOTIC: [8] Undefined variable: file D:\wamp\www\ydlm\Application\Runtime\Cache\Home\2a94b8bda04ff446dcedd42276fc99ee.php 第 246 行.
NOTIC: [8] Undefined variable: file D:\wamp\www\ydlm\Application\Runtime\Cache\Home\2a94b8bda04ff446dcedd42276fc99ee.php 第 253 行.
NOTIC: [8] Undefined variable: file D:\wamp\www\ydlm\Application\Runtime\Cache\Home\2a94b8bda04ff446dcedd42276fc99ee.php 第 255 行.
NOTIC: [8] Undefined variable: file D:\wamp\www\ydlm\Application\Runtime\Cache\Home\2a94b8bda04ff446dcedd42276fc99ee.php 第 255 行.
NOTIC: [8] Undefined variable: file D:\wamp\www\ydlm\Application\Runtime\Cache\Home\2a94b8bda04ff446dcedd42276fc99ee.php 第 256 行.
NOTIC: [8] Undefined variable: file D:\wamp\www\ydlm\Application\Runtime\Cache\Home\2a94b8bda04ff446dcedd42276fc99ee.php 第 263 行.
NOTIC: [8] Undefined variable: file D:\wamp\www\ydlm\Application\Runtime\Cache\Home\2a94b8bda04ff446dcedd42276fc99ee.php 第 265 行.
NOTIC: [8] Undefined variable: file D:\wamp\www\ydlm\Application\Runtime\Cache\Home\2a94b8bda04ff446dcedd42276fc99ee.php 第 265 行.
NOTIC: [8] Undefined variable: file D:\wamp\www\ydlm\Application\Runtime\Cache\Home\2a94b8bda04ff446dcedd42276fc99ee.php 第 266 行.
NOTIC: [8] Undefined variable: file D:\wamp\www\ydlm\Application\Runtime\Cache\Home\2a94b8bda04ff446dcedd42276fc99ee.php 第 273 行.
NOTIC: [8] Undefined variable: file D:\wamp\www\ydlm\Application\Runtime\Cache\Home\2a94b8bda04ff446dcedd42276fc99ee.php 第 275 行.
NOTIC: [8] Undefined variable: file D:\wamp\www\ydlm\Application\Runtime\Cache\Home\2a94b8bda04ff446dcedd42276fc99ee.php 第 275 行.
NOTIC: [8] Undefined variable: file D:\wamp\www\ydlm\Application\Runtime\Cache\Home\2a94b8bda04ff446dcedd42276fc99ee.php 第 276 行.
NOTIC: [8] Undefined variable: file D:\wamp\www\ydlm\Application\Runtime\Cache\Home\2a94b8bda04ff446dcedd42276fc99ee.php 第 283 行.
NOTIC: [8] Undefined variable: file D:\wamp\www\ydlm\Application\Runtime\Cache\Home\2a94b8bda04ff446dcedd42276fc99ee.php 第 285 行.
NOTIC: [8] Undefined variable: file D:\wamp\www\ydlm\Application\Runtime\Cache\Home\2a94b8bda04ff446dcedd42276fc99ee.php 第 285 行.
NOTIC: [8] Undefined variable: file D:\wamp\www\ydlm\Application\Runtime\Cache\Home\2a94b8bda04ff446dcedd42276fc99ee.php 第 286 行.
NOTIC: [8] Undefined variable: file D:\wamp\www\ydlm\Application\Runtime\Cache\Home\2a94b8bda04ff446dcedd42276fc99ee.php 第 293 行.
NOTIC: [8] Undefined variable: file D:\wamp\www\ydlm\Application\Runtime\Cache\Home\2a94b8bda04ff446dcedd42276fc99ee.php 第 295 行.
NOTIC: [8] Undefined variable: file D:\wamp\www\ydlm\Application\Runtime\Cache\Home\2a94b8bda04ff446dcedd42276fc99ee.php 第 295 行.
NOTIC: [8] Undefined variable: file D:\wamp\www\ydlm\Application\Runtime\Cache\Home\2a94b8bda04ff446dcedd42276fc99ee.php 第 296 行.
NOTIC: [8] Undefined variable: file D:\wamp\www\ydlm\Application\Runtime\Cache\Home\2a94b8bda04ff446dcedd42276fc99ee.php 第 303 行.
NOTIC: [8] Undefined variable: file D:\wamp\www\ydlm\Application\Runtime\Cache\Home\2a94b8bda04ff446dcedd42276fc99ee.php 第 305 行.
NOTIC: [8] Undefined variable: file D:\wamp\www\ydlm\Application\Runtime\Cache\Home\2a94b8bda04ff446dcedd42276fc99ee.php 第 305 行.
NOTIC: [8] Undefined variable: file D:\wamp\www\ydlm\Application\Runtime\Cache\Home\2a94b8bda04ff446dcedd42276fc99ee.php 第 306 行.
NOTIC: [8] Undefined variable: person D:\wamp\www\ydlm\Application\Runtime\Cache\Home\2a94b8bda04ff446dcedd42276fc99ee.php 第 339 行.
NOTIC: [8] Undefined variable: person D:\wamp\www\ydlm\Application\Runtime\Cache\Home\2a94b8bda04ff446dcedd42276fc99ee.php 第 341 行.
NOTIC: [8] Undefined variable: person D:\wamp\www\ydlm\Application\Runtime\Cache\Home\2a94b8bda04ff446dcedd42276fc99ee.php 第 341 行.
NOTIC: [8] Undefined variable: person D:\wamp\www\ydlm\Application\Runtime\Cache\Home\2a94b8bda04ff446dcedd42276fc99ee.php 第 344 行.
NOTIC: [8] Undefined variable: person D:\wamp\www\ydlm\Application\Runtime\Cache\Home\2a94b8bda04ff446dcedd42276fc99ee.php 第 355 行.
NOTIC: [8] Undefined variable: person D:\wamp\www\ydlm\Application\Runtime\Cache\Home\2a94b8bda04ff446dcedd42276fc99ee.php 第 361 行.
NOTIC: [8] Undefined variable: person D:\wamp\www\ydlm\Application\Runtime\Cache\Home\2a94b8bda04ff446dcedd42276fc99ee.php 第 361 行.
NOTIC: [8] Undefined variable: person D:\wamp\www\ydlm\Application\Runtime\Cache\Home\2a94b8bda04ff446dcedd42276fc99ee.php 第 364 行.
NOTIC: [8] Undefined variable: person D:\wamp\www\ydlm\Application\Runtime\Cache\Home\2a94b8bda04ff446dcedd42276fc99ee.php 第 375 行.
NOTIC: [8] Undefined variable: person D:\wamp\www\ydlm\Application\Runtime\Cache\Home\2a94b8bda04ff446dcedd42276fc99ee.php 第 381 行.
NOTIC: [8] Undefined variable: person D:\wamp\www\ydlm\Application\Runtime\Cache\Home\2a94b8bda04ff446dcedd42276fc99ee.php 第 381 行.
NOTIC: [8] Undefined variable: person D:\wamp\www\ydlm\Application\Runtime\Cache\Home\2a94b8bda04ff446dcedd42276fc99ee.php 第 384 行.
NOTIC: [8] Undefined variable: person D:\wamp\www\ydlm\Application\Runtime\Cache\Home\2a94b8bda04ff446dcedd42276fc99ee.php 第 395 行.
NOTIC: [8] Undefined variable: news D:\wamp\www\ydlm\Application\Runtime\Cache\Home\2a94b8bda04ff446dcedd42276fc99ee.php 第 417 行.
NOTIC: [8] Undefined variable: news D:\wamp\www\ydlm\Application\Runtime\Cache\Home\2a94b8bda04ff446dcedd42276fc99ee.php 第 420 行.
NOTIC: [8] Undefined variable: news D:\wamp\www\ydlm\Application\Runtime\Cache\Home\2a94b8bda04ff446dcedd42276fc99ee.php 第 423 行.
NOTIC: [8] Undefined variable: news D:\wamp\www\ydlm\Application\Runtime\Cache\Home\2a94b8bda04ff446dcedd42276fc99ee.php 第 431 行.
NOTIC: [8] Undefined variable: news D:\wamp\www\ydlm\Application\Runtime\Cache\Home\2a94b8bda04ff446dcedd42276fc99ee.php 第 434 行.
NOTIC: [8] Undefined variable: news D:\wamp\www\ydlm\Application\Runtime\Cache\Home\2a94b8bda04ff446dcedd42276fc99ee.php 第 437 行.
NOTIC: [8] Undefined variable: news D:\wamp\www\ydlm\Application\Runtime\Cache\Home\2a94b8bda04ff446dcedd42276fc99ee.php 第 443 行.
NOTIC: [8] Undefined variable: news D:\wamp\www\ydlm\Application\Runtime\Cache\Home\2a94b8bda04ff446dcedd42276fc99ee.php 第 446 行.
NOTIC: [8] Undefined variable: news D:\wamp\www\ydlm\Application\Runtime\Cache\Home\2a94b8bda04ff446dcedd42276fc99ee.php 第 449 行.
NOTIC: [8] Undefined variable: news D:\wamp\www\ydlm\Application\Runtime\Cache\Home\2a94b8bda04ff446dcedd42276fc99ee.php 第 456 行.
NOTIC: [8] Undefined variable: news D:\wamp\www\ydlm\Application\Runtime\Cache\Home\2a94b8bda04ff446dcedd42276fc99ee.php 第 459 行.
NOTIC: [8] Undefined variable: news D:\wamp\www\ydlm\Application\Runtime\Cache\Home\2a94b8bda04ff446dcedd42276fc99ee.php 第 462 行.
NOTIC: [8] Undefined variable: news D:\wamp\www\ydlm\Application\Runtime\Cache\Home\2a94b8bda04ff446dcedd42276fc99ee.php 第 468 行.
NOTIC: [8] Undefined variable: news D:\wamp\www\ydlm\Application\Runtime\Cache\Home\2a94b8bda04ff446dcedd42276fc99ee.php 第 471 行.
NOTIC: [8] Undefined variable: news D:\wamp\www\ydlm\Application\Runtime\Cache\Home\2a94b8bda04ff446dcedd42276fc99ee.php 第 474 行.
NOTIC: [8] Undefined variable: news D:\wamp\www\ydlm\Application\Runtime\Cache\Home\2a94b8bda04ff446dcedd42276fc99ee.php 第 480 行.
NOTIC: [8] Undefined variable: news D:\wamp\www\ydlm\Application\Runtime\Cache\Home\2a94b8bda04ff446dcedd42276fc99ee.php 第 483 行.
NOTIC: [8] Undefined variable: news D:\wamp\www\ydlm\Application\Runtime\Cache\Home\2a94b8bda04ff446dcedd42276fc99ee.php 第 486 行.
INFO: Run Behavior\ParseTemplateBehavior [ RunTime:0.063003s ]
INFO: [ view_parse ] --END-- [ RunTime:0.063003s ]
INFO: [ view_filter ] --START--
INFO: Run Behavior\WriteHtmlCacheBehavior [ RunTime:0.009001s ]
INFO: [ view_filter ] --END-- [ RunTime:0.009001s ]
INFO: [ app_end ] --START--
INFO: Run Behavior\ShowPageTraceBehavior [ RunTime:0.001000s ]
INFO: [ app_end ] --END-- [ RunTime:0.001000s ]

[ 2015-09-16T22:53:29+08:00 ] ::1 /ydlm/
INFO: [ app_init ] --START--
INFO: Run Behavior\BuildLiteBehavior [ RunTime:0.000000s ]
INFO: [ app_init ] --END-- [ RunTime:0.000000s ]
INFO: [ app_begin ] --START--
INFO: Run Behavior\ReadHtmlCacheBehavior [ RunTime:0.000000s ]
INFO: [ app_begin ] --END-- [ RunTime:0.000000s ]
ERR: SQLSTATE[42S02]: Base table or view not found: 1146 Table 'c_flippancy.photo' doesn't exist

[ 2015-09-16T22:53:54+08:00 ] ::1 /ydlm/
INFO: [ app_init ] --START--
INFO: Run Behavior\BuildLiteBehavior [ RunTime:0.000000s ]
INFO: [ app_init ] --END-- [ RunTime:0.000000s ]
INFO: [ app_begin ] --START--
INFO: Run Behavior\ReadHtmlCacheBehavior [ RunTime:0.000000s ]
INFO: [ app_begin ] --END-- [ RunTime:0.000000s ]
INFO: [ view_parse ] --START--
INFO: [ template_filter ] --START--
INFO: Run Behavior\ContentReplaceBehavior [ RunTime:0.000000s ]
INFO: [ template_filter ] --END-- [ RunTime:0.000000s ]
NOTIC: [8] Undefined variable: photo D:\wamp\www\ydlm\Application\Runtime\Cache\Home\2a94b8bda04ff446dcedd42276fc99ee.php 第 55 行.
INFO: Run Behavior\ParseTemplateBehavior [ RunTime:0.015600s ]
INFO: [ view_parse ] --END-- [ RunTime:0.015600s ]
INFO: [ view_filter ] --START--
INFO: Run Behavior\WriteHtmlCacheBehavior [ RunTime:0.000000s ]
INFO: [ view_filter ] --END-- [ RunTime:0.000000s ]
INFO: [ app_end ] --START--
INFO: Run Behavior\ShowPageTraceBehavior [ RunTime:0.000000s ]
INFO: [ app_end ] --END-- [ RunTime:0.000000s ]

[ 2015-09-16T22:53:59+08:00 ] ::1 /ydlm/index.php/Index/kyline.html
INFO: [ app_init ] --START--
INFO: Run Behavior\BuildLiteBehavior [ RunTime:0.000000s ]
INFO: [ app_init ] --END-- [ RunTime:0.000000s ]
INFO: [ app_begin ] --START--
INFO: Run Behavior\ReadHtmlCacheBehavior [ RunTime:0.000000s ]
INFO: [ app_begin ] --END-- [ RunTime:0.000000s ]
INFO: [ view_parse ] --START--
NOTIC: [2] file_get_contents(./APP/Home/Tpl/default/public/menu.html): failed to open stream: No such file or directory D:\wamp\www\ydlm\ThinkPHP\Library\Think\Template.class.php 第 696 行.
INFO: [ template_filter ] --START--
INFO: Run Behavior\ContentReplaceBehavior [ RunTime:0.000000s ]
INFO: [ template_filter ] --END-- [ RunTime:0.000000s ]
INFO: Run Behavior\ParseTemplateBehavior [ RunTime:0.062400s ]
INFO: [ view_parse ] --END-- [ RunTime:0.062400s ]
INFO: [ view_filter ] --START--
INFO: Run Behavior\WriteHtmlCacheBehavior [ RunTime:0.000000s ]
INFO: [ view_filter ] --END-- [ RunTime:0.000000s ]
INFO: [ app_end ] --START--
INFO: Run Behavior\ShowPageTraceBehavior [ RunTime:0.015600s ]
INFO: [ app_end ] --END-- [ RunTime:0.015600s ]

[ 2015-09-16T22:54:01+08:00 ] ::1 /ydlm/index.php/Index/timeline.html
INFO: [ app_init ] --START--
INFO: Run Behavior\BuildLiteBehavior [ RunTime:0.000000s ]
INFO: [ app_init ] --END-- [ RunTime:0.000000s ]
INFO: [ app_begin ] --START--
INFO: Run Behavior\ReadHtmlCacheBehavior [ RunTime:0.000000s ]
INFO: [ app_begin ] --END-- [ RunTime:0.000000s ]
INFO: [ view_parse ] --START--
NOTIC: [2] file_get_contents(./APP/Home/Tpl/default/public/menu.html): failed to open stream: No such file or directory D:\wamp\www\ydlm\ThinkPHP\Library\Think\Template.class.php 第 696 行.
INFO: [ template_filter ] --START--
INFO: Run Behavior\ContentReplaceBehavior [ RunTime:0.000000s ]
INFO: [ template_filter ] --END-- [ RunTime:0.000000s ]
INFO: Run Behavior\ParseTemplateBehavior [ RunTime:0.015600s ]
INFO: [ view_parse ] --END-- [ RunTime:0.015600s ]
INFO: [ view_filter ] --START--
INFO: Run Behavior\WriteHtmlCacheBehavior [ RunTime:0.000000s ]
INFO: [ view_filter ] --END-- [ RunTime:0.000000s ]
INFO: [ app_end ] --START--
INFO: Run Behavior\ShowPageTraceBehavior [ RunTime:0.000000s ]
INFO: [ app_end ] --END-- [ RunTime:0.000000s ]

[ 2015-09-16T22:54:03+08:00 ] ::1 /ydlm/index.php/Index/salon.html
INFO: [ app_init ] --START--
INFO: Run Behavior\BuildLiteBehavior [ RunTime:0.000000s ]
INFO: [ app_init ] --END-- [ RunTime:0.000000s ]
INFO: [ app_begin ] --START--
INFO: Run Behavior\ReadHtmlCacheBehavior [ RunTime:0.000000s ]
INFO: [ app_begin ] --END-- [ RunTime:0.000000s ]
INFO: [ view_parse ] --START--
NOTIC: [2] file_get_contents(./APP/Home/Tpl/default/public/menu.html): failed to open stream: No such file or directory D:\wamp\www\ydlm\ThinkPHP\Library\Think\Template.class.php 第 696 行.
INFO: [ template_filter ] --START--
INFO: Run Behavior\ContentReplaceBehavior [ RunTime:0.000000s ]
INFO: [ template_filter ] --END-- [ RunTime:0.000000s ]
INFO: Run Behavior\ParseTemplateBehavior [ RunTime:0.015600s ]
INFO: [ view_parse ] --END-- [ RunTime:0.015600s ]
INFO: [ view_filter ] --START--
INFO: Run Behavior\WriteHtmlCacheBehavior [ RunTime:0.000000s ]
INFO: [ view_filter ] --END-- [ RunTime:0.000000s ]
INFO: [ app_end ] --START--
INFO: Run Behavior\ShowPageTraceBehavior [ RunTime:0.000000s ]
INFO: [ app_end ] --END-- [ RunTime:0.000000s ]

